D:\GITH_MY\OVERVIEW\WINAPI\WINDOWSWITHCHILDS\NEW_FRAC\FRAC\RELEASE\MAIN.OBJ
D:\GITH_MY\OVERVIEW\WINAPI\WINDOWSWITHCHILDS\NEW_FRAC\FRAC\RELEASE\VC100.PDB
D:\GITH_MY\OVERVIEW\WINAPI\WINDOWSWITHCHILDS\NEW_FRAC\RELEASE\FRAC.EXE
D:\GITH_MY\OVERVIEW\WINAPI\WINDOWSWITHCHILDS\NEW_FRAC\FRAC\RELEASE\FRAC.EXE.INTERMEDIATE.MANIFEST
D:\GITH_MY\OVERVIEW\WINAPI\WINDOWSWITHCHILDS\NEW_FRAC\RELEASE\FRAC.PDB
C:\WINDOWS\PCDRM\DUMP\20130618_MT.LOG
C:\WINDOWS\PCDRM\DUMP\20130618_RC.LOG
C:\WINDOWS\PCDRM\DUMP\20130618_NSCFA.LOG
C:\WINDOWS\PCDRM\DUMP\20130618_NSCCOR03.LOG
C:\WINDOWS\PCDRM\DUMP\20130618_NFD01.LOG
C:\WINDOWS\PCDRM\DUMP\20130618_NSCCOR01.LOG
D:\GITH_MY\OVERVIEW\WINAPI\WINDOWSWITHCHILDS\NEW_FRAC\FRAC\RELEASE\MAIN.RES
D:\GitHub\Overview\WinApi\WindowsWithChilds\new_frac\frac\Release\main.obj
D:\GitHub\Overview\WinApi\WindowsWithChilds\new_frac\frac\Release\cl.command.1.tlog
D:\GitHub\Overview\WinApi\WindowsWithChilds\new_frac\frac\Release\CL.read.1.tlog
D:\GitHub\Overview\WinApi\WindowsWithChilds\new_frac\frac\Release\CL.write.1.tlog
D:\GitHub\Overview\WinApi\WindowsWithChilds\new_frac\frac\Release\link-cvtres.read.1.tlog
D:\GitHub\Overview\WinApi\WindowsWithChilds\new_frac\frac\Release\link-cvtres.write.1.tlog
D:\GitHub\Overview\WinApi\WindowsWithChilds\new_frac\frac\Release\link-rc.read.1.tlog
D:\GitHub\Overview\WinApi\WindowsWithChilds\new_frac\frac\Release\link-rc.write.1.tlog
D:\GitHub\Overview\WinApi\WindowsWithChilds\new_frac\frac\Release\link.command.1.tlog
D:\GitHub\Overview\WinApi\WindowsWithChilds\new_frac\frac\Release\link.read.1.tlog
D:\GitHub\Overview\WinApi\WindowsWithChilds\new_frac\frac\Release\link.read.2.tlog
D:\GitHub\Overview\WinApi\WindowsWithChilds\new_frac\frac\Release\link.read.3.tlog
D:\GitHub\Overview\WinApi\WindowsWithChilds\new_frac\frac\Release\link.read.4.tlog
D:\GitHub\Overview\WinApi\WindowsWithChilds\new_frac\frac\Release\link.read.5.tlog
D:\GitHub\Overview\WinApi\WindowsWithChilds\new_frac\frac\Release\link.write.1.tlog
D:\GitHub\Overview\WinApi\WindowsWithChilds\new_frac\frac\Release\mt.command.1.tlog
D:\GitHub\Overview\WinApi\WindowsWithChilds\new_frac\frac\Release\mt.read.1.tlog
D:\GitHub\Overview\WinApi\WindowsWithChilds\new_frac\frac\Release\mt.write.1.tlog
D:\GitHub\Overview\WinApi\WindowsWithChilds\new_frac\frac\Release\rc.command.1.tlog
D:\GitHub\Overview\WinApi\WindowsWithChilds\new_frac\frac\Release\rc.read.1.tlog
D:\GitHub\Overview\WinApi\WindowsWithChilds\new_frac\frac\Release\rc.write.1.tlog
D:\GitHub\Overview\WinApi\WindowsWithChilds\new_frac\frac\Release\frac.exe.intermediate.manifest
D:\GitHub\Overview\WinApi\WindowsWithChilds\new_frac\frac\Release\main.res
D:\GitHub\Overview\WinApi\WindowsWithChilds\new_frac\frac\Release\vc100.pdb
D:\GitHub\Overview\WinApi\WindowsWithChilds\new_frac\frac\Release\vc110.pdb
D:\GitHub\Overview\WinApi\WindowsWithChilds\new_frac\Release\frac.pdb
D:\GitHub\Overview\WinApi\WindowsWithChilds\new_frac\Release\frac.exe
