C:\WINDOWS\PCDRM\DUMP\20130614_MT.LOG
C:\WINDOWS\PCDRM\DUMP\20130614_NFD01.LOG
C:\WINDOWS\PCDRM\DUMP\20130614_NSCCOR01.LOG
C:\WINDOWS\PCDRM\DUMP\20130614_NSCCOR03.LOG
C:\WINDOWS\PCDRM\DUMP\20130614_NSCFA.LOG
C:\WINDOWS\PCDRM\DUMP\20130614_RC.LOG
D:\GITH_MY\OVERVIEW\WINAPI\WINDOWSWITHCHILDS\NEW_FRAC\DEBUG\FRAC.EXE
D:\GITH_MY\OVERVIEW\WINAPI\WINDOWSWITHCHILDS\NEW_FRAC\DEBUG\FRAC.ILK
D:\GITH_MY\OVERVIEW\WINAPI\WINDOWSWITHCHILDS\NEW_FRAC\DEBUG\FRAC.PDB
D:\GitH_My\Overview\WinApi\WindowsWithChilds\new_frac\frac\Debug\cl.command.1.tlog
D:\GitH_My\Overview\WinApi\WindowsWithChilds\new_frac\frac\Debug\CL.read.1.tlog
D:\GitH_My\Overview\WinApi\WindowsWithChilds\new_frac\frac\Debug\CL.write.1.tlog
D:\GITH_MY\OVERVIEW\WINAPI\WINDOWSWITHCHILDS\NEW_FRAC\FRAC\DEBUG\FRAC.EXE.INTERMEDIATE.MANIFEST
D:\GitH_My\Overview\WinApi\WindowsWithChilds\new_frac\frac\Debug\link.command.1.tlog
D:\GitH_My\Overview\WinApi\WindowsWithChilds\new_frac\frac\Debug\link.read.1.tlog
D:\GitH_My\Overview\WinApi\WindowsWithChilds\new_frac\frac\Debug\link.write.1.tlog
D:\GitH_My\Overview\WinApi\WindowsWithChilds\new_frac\frac\Debug\link-cvtres.read.1.tlog
D:\GitH_My\Overview\WinApi\WindowsWithChilds\new_frac\frac\Debug\link-cvtres.write.1.tlog
D:\GITH_MY\OVERVIEW\WINAPI\WINDOWSWITHCHILDS\NEW_FRAC\FRAC\DEBUG\MAIN.OBJ
D:\GITH_MY\OVERVIEW\WINAPI\WINDOWSWITHCHILDS\NEW_FRAC\FRAC\DEBUG\MAIN.RES
D:\GITH_MY\OVERVIEW\WINAPI\WINDOWSWITHCHILDS\NEW_FRAC\FRAC\DEBUG\MAIN1.OBJ
D:\GitH_My\Overview\WinApi\WindowsWithChilds\new_frac\frac\Debug\mt.command.1.tlog
D:\GitH_My\Overview\WinApi\WindowsWithChilds\new_frac\frac\Debug\mt.read.1.tlog
D:\GitH_My\Overview\WinApi\WindowsWithChilds\new_frac\frac\Debug\mt.write.1.tlog
D:\GitH_My\Overview\WinApi\WindowsWithChilds\new_frac\frac\Debug\rc.command.1.tlog
D:\GitH_My\Overview\WinApi\WindowsWithChilds\new_frac\frac\Debug\rc.read.1.tlog
D:\GitH_My\Overview\WinApi\WindowsWithChilds\new_frac\frac\Debug\rc.write.1.tlog
D:\GitH_My\Overview\WinApi\WindowsWithChilds\new_frac\frac\Debug\vc100.idb
D:\GITH_MY\OVERVIEW\WINAPI\WINDOWSWITHCHILDS\NEW_FRAC\FRAC\DEBUG\VC100.PDB
