Build started 11/21/2012 1:42:35 PM.
     1>Project "D:\GitH_My\Overview\WinApi\Schupak\Ch_11\BounceBallAdv\BounceBallAdv.vcxproj" on node 2 (build target(s)).
     1>InitializeBuildStatus:
         Creating ".\Debug\BounceBallAdv.unsuccessfulbuild" because "AlwaysCreate" was specified.
       ClCompile:
         C:\Program Files\Microsoft Visual Studio 10.0\VC\bin\CL.exe /c /ZI /nologo /W3 /WX- /Od /Oy- /D WIN32 /D _DEBUG /D _WINDOWS /D _VC80_UPGRADE=0x0600 /Gm /EHsc /RTC1 /MTd /GS /Gy- /fp:precise /Zc:wchar_t /Zc:forScope /Fo".\Debug\\" /Fd".\Debug\vc100.pdb" /Gd /TP /analyze- /errorReport:prompt BounceBallAdv.cpp
         BounceBallAdv.cpp
     1>d:\gith_my\overview\winapi\schupak\ch_11\bounceballadv\bounceballadv.cpp(58): warning C4244: '=' : conversion from 'double' to 'FLOAT', possible loss of data
     1>d:\gith_my\overview\winapi\schupak\ch_11\bounceballadv\bounceballadv.cpp(59): warning C4244: '=' : conversion from 'double' to 'FLOAT', possible loss of data
     1>d:\gith_my\overview\winapi\schupak\ch_11\bounceballadv\bounceballadv.cpp(110): warning C4244: 'argument' : conversion from 'int' to 'FLOAT', possible loss of data
     1>d:\gith_my\overview\winapi\schupak\ch_11\bounceballadv\bounceballadv.cpp(110): warning C4244: 'argument' : conversion from 'int' to 'FLOAT', possible loss of data
     1>d:\gith_my\overview\winapi\schupak\ch_11\bounceballadv\bounceballadv.cpp(47): warning C4101: 'rBall' : unreferenced local variable
     1>d:\gith_my\overview\winapi\schupak\ch_11\bounceballadv\bounceballadv.cpp(137): warning C4244: 'argument' : conversion from 'FLOAT' to 'int', possible loss of data
     1>d:\gith_my\overview\winapi\schupak\ch_11\bounceballadv\bounceballadv.cpp(137): warning C4244: 'argument' : conversion from 'FLOAT' to 'int', possible loss of data
     1>d:\gith_my\overview\winapi\schupak\ch_11\bounceballadv\bounceballadv.cpp(137): warning C4244: 'argument' : conversion from 'FLOAT' to 'int', possible loss of data
     1>d:\gith_my\overview\winapi\schupak\ch_11\bounceballadv\bounceballadv.cpp(137): warning C4244: 'argument' : conversion from 'FLOAT' to 'int', possible loss of data
       ResourceCompile:
         All outputs are up-to-date.
       ManifestResourceCompile:
         All outputs are up-to-date.
       Link:
         C:\Program Files\Microsoft Visual Studio 10.0\VC\bin\link.exe /ERRORREPORT:PROMPT /OUT:".\Debug\BounceBallAdv.exe" /INCREMENTAL /NOLOGO odbc32.lib odbccp32.lib kernel32.lib user32.lib gdi32.lib winspool.lib comdlg32.lib advapi32.lib shell32.lib ole32.lib oleaut32.lib uuid.lib odbc32.lib odbccp32.lib /MANIFEST /ManifestFile:".\Debug\BounceBallAdv.exe.intermediate.manifest" /MANIFESTUAC:"level='asInvoker' uiAccess='false'" /DEBUG /PDB:"D:\GitH_My\Overview\WinApi\Schupak\Ch_11\BounceBallAdv\Debug\BounceBallAdv.pdb" /SUBSYSTEM:WINDOWS /TLBID:1 /DYNAMICBASE /NXCOMPAT /IMPLIB:".\Debug\BounceBallAdv.lib" /MACHINE:X86 .\Debug\BounceBall.res
         .\Debug\BounceBallAdv.exe.embed.manifest.res
         .\Debug\BounceBallAdv.obj
         .\Debug\KWnd.obj
       Manifest:
         C:\Program Files\Microsoft SDKs\Windows\v7.0A\bin\mt.exe /nologo /verbose /out:".\Debug\BounceBallAdv.exe.embed.manifest" /manifest .\Debug\BounceBallAdv.exe.intermediate.manifest
         All outputs are up-to-date.
       LinkEmbedManifest:
         All outputs are up-to-date.
         BounceBallAdv.vcxproj -> D:\GitH_My\Overview\WinApi\Schupak\Ch_11\BounceBallAdv\.\Debug\BounceBallAdv.exe
       FinalizeBuildStatus:
         Deleting file ".\Debug\BounceBallAdv.unsuccessfulbuild".
         Touching ".\Debug\BounceBallAdv.lastbuildstate".
     1>Done Building Project "D:\GitH_My\Overview\WinApi\Schupak\Ch_11\BounceBallAdv\BounceBallAdv.vcxproj" (build target(s)).

Build succeeded.

Time Elapsed 00:00:01.01
