Build started 11/21/2012 5:21:42 PM.
     1>Project "D:\GitH_My\Overview\WinApi\Schupak\Ch_11\BounceBall\BounceBall.vcxproj" on node 2 (build target(s)).
     1>InitializeBuildStatus:
         Creating ".\Debug\BounceBall.unsuccessfulbuild" because "AlwaysCreate" was specified.
       ClCompile:
         C:\Program Files\Microsoft Visual Studio 10.0\VC\bin\CL.exe /c /ZI /nologo /W3 /WX- /Od /Oy- /D WIN32 /D _DEBUG /D _WINDOWS /D _VC80_UPGRADE=0x0600 /Gm /EHsc /RTC1 /MTd /GS /Gy- /fp:precise /Zc:wchar_t /Zc:forScope /Fo".\Debug\\" /Fd".\Debug\vc100.pdb" /Gd /TP /analyze- /errorReport:prompt BounceBall.cpp
         BounceBall.cpp
     1>d:\gith_my\overview\winapi\schupak\ch_11\bounceball\bounceball.cpp(52): warning C4244: '=' : conversion from 'double' to 'FLOAT', possible loss of data
     1>d:\gith_my\overview\winapi\schupak\ch_11\bounceball\bounceball.cpp(53): warning C4244: '=' : conversion from 'double' to 'FLOAT', possible loss of data
     1>d:\gith_my\overview\winapi\schupak\ch_11\bounceball\bounceball.cpp(176): warning C4244: 'argument' : conversion from 'FLOAT' to 'int', possible loss of data
     1>d:\gith_my\overview\winapi\schupak\ch_11\bounceball\bounceball.cpp(176): warning C4244: 'argument' : conversion from 'FLOAT' to 'int', possible loss of data
     1>d:\gith_my\overview\winapi\schupak\ch_11\bounceball\bounceball.cpp(176): warning C4244: 'argument' : conversion from 'FLOAT' to 'int', possible loss of data
     1>d:\gith_my\overview\winapi\schupak\ch_11\bounceball\bounceball.cpp(176): warning C4244: 'argument' : conversion from 'FLOAT' to 'int', possible loss of data
     1>d:\gith_my\overview\winapi\schupak\ch_11\bounceball\bounceball.cpp(191): warning C4244: '=' : conversion from 'double' to 'FLOAT', possible loss of data
     1>d:\gith_my\overview\winapi\schupak\ch_11\bounceball\bounceball.cpp(192): warning C4244: '=' : conversion from 'double' to 'FLOAT', possible loss of data
     1>d:\gith_my\overview\winapi\schupak\ch_11\bounceball\bounceball.cpp(198): warning C4244: '=' : conversion from 'double' to 'FLOAT', possible loss of data
     1>d:\gith_my\overview\winapi\schupak\ch_11\bounceball\bounceball.cpp(199): warning C4244: '=' : conversion from 'double' to 'FLOAT', possible loss of data
     1>d:\gith_my\overview\winapi\schupak\ch_11\bounceball\bounceball.cpp(205): warning C4244: '=' : conversion from 'double' to 'FLOAT', possible loss of data
     1>d:\gith_my\overview\winapi\schupak\ch_11\bounceball\bounceball.cpp(206): warning C4244: '=' : conversion from 'double' to 'FLOAT', possible loss of data
       ResourceCompile:
         All outputs are up-to-date.
       ManifestResourceCompile:
         All outputs are up-to-date.
       Link:
         C:\Program Files\Microsoft Visual Studio 10.0\VC\bin\link.exe /ERRORREPORT:PROMPT /OUT:".\Debug\BounceBall.exe" /INCREMENTAL /NOLOGO odbc32.lib odbccp32.lib kernel32.lib user32.lib gdi32.lib winspool.lib comdlg32.lib advapi32.lib shell32.lib ole32.lib oleaut32.lib uuid.lib odbc32.lib odbccp32.lib /MANIFEST /ManifestFile:".\Debug\BounceBall.exe.intermediate.manifest" /MANIFESTUAC:"level='asInvoker' uiAccess='false'" /DEBUG /PDB:"D:\GitH_My\Overview\WinApi\Schupak\Ch_11\BounceBall\Debug\BounceBall.pdb" /SUBSYSTEM:WINDOWS /TLBID:1 /DYNAMICBASE /NXCOMPAT /IMPLIB:".\Debug\BounceBall.lib" /MACHINE:X86 .\Debug\BounceBall.res
         .\Debug\BounceBall.exe.embed.manifest.res
         .\Debug\BounceBall.obj
         .\Debug\KWnd.obj
       Manifest:
         C:\Program Files\Microsoft SDKs\Windows\v7.0A\bin\mt.exe /nologo /verbose /out:".\Debug\BounceBall.exe.embed.manifest" /manifest .\Debug\BounceBall.exe.intermediate.manifest
         All outputs are up-to-date.
       LinkEmbedManifest:
         All outputs are up-to-date.
         BounceBall.vcxproj -> D:\GitH_My\Overview\WinApi\Schupak\Ch_11\BounceBall\.\Debug\BounceBall.exe
       FinalizeBuildStatus:
         Deleting file ".\Debug\BounceBall.unsuccessfulbuild".
         Touching ".\Debug\BounceBall.lastbuildstate".
     1>Done Building Project "D:\GitH_My\Overview\WinApi\Schupak\Ch_11\BounceBall\BounceBall.vcxproj" (build target(s)).

Build succeeded.

Time Elapsed 00:00:01.17
