Build started 11/8/2012 12:15:25 PM.
     1>Project "D:\GitH_My\Overview\WinApi\Schupak\Ch_01\Hello1\Hello1.vcxproj" on node 2 (build target(s)).
     1>InitializeBuildStatus:
         Touching ".\Debug\Hello1.unsuccessfulbuild".
       ClCompile:
         C:\Program Files\Microsoft Visual Studio 10.0\VC\bin\CL.exe /c /ZI /nologo /W3 /WX- /Od /Oy- /D WIN32 /D _DEBUG /D _WINDOWS /D _VC80_UPGRADE=0x0600 /Gm /EHsc /RTC1 /MTd /GS /Gy- /fp:precise /Zc:wchar_t /Zc:forScope /Fo".\Debug\\" /Fd".\Debug\vc100.pdb" /Gd /TP /analyze- /errorReport:prompt Hello1.cpp
         Hello1.cpp
       ManifestResourceCompile:
         C:\Program Files\Microsoft SDKs\Windows\v7.0A\bin\rc.exe /nologo /fo".\Debug\Hello1.exe.embed.manifest.res" .\Debug\Hello1_manifest.rc 
       Link:
         C:\Program Files\Microsoft Visual Studio 10.0\VC\bin\link.exe /ERRORREPORT:PROMPT /OUT:".\Debug\Hello1.exe" /INCREMENTAL /NOLOGO odbc32.lib odbccp32.lib kernel32.lib user32.lib gdi32.lib winspool.lib comdlg32.lib advapi32.lib shell32.lib ole32.lib oleaut32.lib uuid.lib odbc32.lib odbccp32.lib /MANIFEST /ManifestFile:".\Debug\Hello1.exe.intermediate.manifest" /MANIFESTUAC:"level='asInvoker' uiAccess='false'" /DEBUG /PDB:"D:\GitH_My\Overview\WinApi\Schupak\Ch_01\Hello1\Debug\Hello1.pdb" /SUBSYSTEM:WINDOWS /TLBID:1 /DYNAMICBASE /NXCOMPAT /IMPLIB:".\Debug\Hello1.lib" /MACHINE:X86 .\Debug\Hello1.exe.embed.manifest.res
         .\Debug\Hello1.obj
       Manifest:
         C:\Program Files\Microsoft SDKs\Windows\v7.0A\bin\mt.exe /nologo /verbose /out:".\Debug\Hello1.exe.embed.manifest" /manifest .\Debug\Hello1.exe.intermediate.manifest
         C:\Program Files\Microsoft SDKs\Windows\v7.0A\bin\rc.exe /nologo /fo".\Debug\Hello1.exe.embed.manifest.res" .\Debug\Hello1_manifest.rc 
       LinkEmbedManifest:
         C:\Program Files\Microsoft Visual Studio 10.0\VC\bin\link.exe /ERRORREPORT:PROMPT /OUT:".\Debug\Hello1.exe" /INCREMENTAL /NOLOGO odbc32.lib odbccp32.lib kernel32.lib user32.lib gdi32.lib winspool.lib comdlg32.lib advapi32.lib shell32.lib ole32.lib oleaut32.lib uuid.lib odbc32.lib odbccp32.lib /MANIFEST /ManifestFile:".\Debug\Hello1.exe.intermediate.manifest" /MANIFESTUAC:"level='asInvoker' uiAccess='false'" /DEBUG /PDB:"D:\GitH_My\Overview\WinApi\Schupak\Ch_01\Hello1\Debug\Hello1.pdb" /SUBSYSTEM:WINDOWS /TLBID:1 /DYNAMICBASE /NXCOMPAT /IMPLIB:".\Debug\Hello1.lib" /MACHINE:X86 .\Debug\Hello1.exe.embed.manifest.res
         .\Debug\Hello1.obj
         Hello1.vcxproj -> D:\GitH_My\Overview\WinApi\Schupak\Ch_01\Hello1\.\Debug\Hello1.exe
       FinalizeBuildStatus:
         Deleting file ".\Debug\Hello1.unsuccessfulbuild".
         Touching ".\Debug\Hello1.lastbuildstate".
     1>Done Building Project "D:\GitH_My\Overview\WinApi\Schupak\Ch_01\Hello1\Hello1.vcxproj" (build target(s)).

Build succeeded.

Time Elapsed 00:00:04.39
