Build started 11/5/2012 7:46:59 PM.
     1>Project "D:\GitH_My\Overview\WinApi\Schupak\Ch_07\ModelessDlg\ModelessDlg.vcxproj" on node 2 (build target(s)).
     1>InitializeBuildStatus:
         Creating ".\Debug\ModelessDlg.unsuccessfulbuild" because "AlwaysCreate" was specified.
       ClCompile:
         C:\Program Files\Microsoft Visual Studio 10.0\VC\bin\CL.exe /c /ZI /nologo /W3 /WX- /Od /Oy- /D WIN32 /D _DEBUG /D _WINDOWS /D _VC80_UPGRADE=0x0600 /D _MBCS /Gm /EHsc /RTC1 /MTd /GS /Gy- /fp:precise /Zc:wchar_t /Zc:forScope /Fo".\Debug\\" /Fd".\Debug\vc100.pdb" /Gd /TP /analyze- /errorReport:prompt ModelessDlg.cpp
         ModelessDlg.cpp
     1>d:\gith_my\overview\winapi\schupak\ch_07\modelessdlg\modelessdlg.cpp(30): warning C4996: 'strcat': This function or variable may be unsafe. Consider using strcat_s instead. To disable deprecation, use _CRT_SECURE_NO_WARNINGS. See online help for details.
                 c:\program files\microsoft visual studio 10.0\vc\include\string.h(110) : see declaration of 'strcat'
       ResourceCompile:
         All outputs are up-to-date.
       ManifestResourceCompile:
         All outputs are up-to-date.
       Link:
         C:\Program Files\Microsoft Visual Studio 10.0\VC\bin\link.exe /ERRORREPORT:PROMPT /OUT:".\Debug\ModelessDlg.exe" /INCREMENTAL /NOLOGO odbc32.lib odbccp32.lib kernel32.lib user32.lib gdi32.lib winspool.lib comdlg32.lib advapi32.lib shell32.lib ole32.lib oleaut32.lib uuid.lib odbc32.lib odbccp32.lib /MANIFEST /ManifestFile:".\Debug\ModelessDlg.exe.intermediate.manifest" /MANIFESTUAC:"level='asInvoker' uiAccess='false'" /DEBUG /PDB:"D:\GitH_My\Overview\WinApi\Schupak\Ch_07\ModelessDlg\Debug\ModelessDlg.pdb" /SUBSYSTEM:WINDOWS /TLBID:1 /DYNAMICBASE /NXCOMPAT /IMPLIB:".\Debug\ModelessDlg.lib" /MACHINE:X86 .\Debug\ModelessDlg.res
         .\Debug\ModelessDlg.exe.embed.manifest.res
         .\Debug\KWndPlut.obj
         .\Debug\ModelessDlg.obj
       Manifest:
         C:\Program Files\Microsoft SDKs\Windows\v7.0A\bin\mt.exe /nologo /verbose /out:".\Debug\ModelessDlg.exe.embed.manifest" /manifest .\Debug\ModelessDlg.exe.intermediate.manifest
         All outputs are up-to-date.
       LinkEmbedManifest:
         All outputs are up-to-date.
         ModelessDlg.vcxproj -> D:\GitH_My\Overview\WinApi\Schupak\Ch_07\ModelessDlg\.\Debug\ModelessDlg.exe
       FinalizeBuildStatus:
         Deleting file ".\Debug\ModelessDlg.unsuccessfulbuild".
         Touching ".\Debug\ModelessDlg.lastbuildstate".
     1>Done Building Project "D:\GitH_My\Overview\WinApi\Schupak\Ch_07\ModelessDlg\ModelessDlg.vcxproj" (build target(s)).

Build succeeded.

Time Elapsed 00:00:00.95
