Build started 11/8/2012 4:54:33 PM.
     1>Project "c:\documents and settings\d.morozov\my documents\visual studio 2010\Projects\new1\new1\new1.vcxproj" on node 2 (build target(s)).
     1>InitializeBuildStatus:
         Creating "Debug\new1.unsuccessfulbuild" because "AlwaysCreate" was specified.
       ClCompile:
         All outputs are up-to-date.
       ResourceCompile:
         All outputs are up-to-date.
       ManifestResourceCompile:
         All outputs are up-to-date.
       Link:
         All outputs are up-to-date.
       Manifest:
         All outputs are up-to-date.
       FinalizeBuildStatus:
         Deleting file "Debug\new1.unsuccessfulbuild".
         Touching "Debug\new1.lastbuildstate".
     1>Done Building Project "c:\documents and settings\d.morozov\my documents\visual studio 2010\Projects\new1\new1\new1.vcxproj" (build target(s)).

Build succeeded.

Time Elapsed 00:00:00.09
