C:\WINDOWS\PCDRM\DUMP\20121130_DRMSSO.LOG
C:\WINDOWS\PCDRM\DUMP\20121130_NFD01.LOG
C:\WINDOWS\PCDRM\DUMP\20121130_NSCCOR01.LOG
C:\WINDOWS\PCDRM\DUMP\20121130_NSCCOR03.LOG
C:\WINDOWS\PCDRM\DUMP\20121130_NSCFA.LOG
D:\GITH_MY\OVERVIEW\WINAPI\WINDOWWITHCHILDS\DEBUG\NEW1.EXE
D:\GITH_MY\OVERVIEW\WINAPI\WINDOWWITHCHILDS\DEBUG\NEW1.ILK
D:\GITH_MY\OVERVIEW\WINAPI\WINDOWWITHCHILDS\DEBUG\NEW1.PDB
D:\GitH_My\Overview\WinApi\WindowWithChilds\new1\Debug\cl.command.1.tlog
D:\GitH_My\Overview\WinApi\WindowWithChilds\new1\Debug\CL.read.1.tlog
D:\GitH_My\Overview\WinApi\WindowWithChilds\new1\Debug\CL.write.1.tlog
D:\GitH_My\Overview\WinApi\WindowWithChilds\new1\Debug\link.command.1.tlog
D:\GitH_My\Overview\WinApi\WindowWithChilds\new1\Debug\link.read.1.tlog
D:\GitH_My\Overview\WinApi\WindowWithChilds\new1\Debug\link.write.1.tlog
D:\GitH_My\Overview\WinApi\WindowWithChilds\new1\Debug\link-cvtres.read.1.tlog
D:\GitH_My\Overview\WinApi\WindowWithChilds\new1\Debug\link-cvtres.write.1.tlog
D:\GITH_MY\OVERVIEW\WINAPI\WINDOWWITHCHILDS\NEW1\DEBUG\MAIN.OBJ
D:\GITH_MY\OVERVIEW\WINAPI\WINDOWWITHCHILDS\NEW1\DEBUG\MAIN.RES
D:\GitH_My\Overview\WinApi\WindowWithChilds\new1\Debug\mt.command.1.tlog
D:\GitH_My\Overview\WinApi\WindowWithChilds\new1\Debug\mt.read.1.tlog
D:\GitH_My\Overview\WinApi\WindowWithChilds\new1\Debug\mt.write.1.tlog
D:\GITH_MY\OVERVIEW\WINAPI\WINDOWWITHCHILDS\NEW1\DEBUG\NEW1.EXE.EMBED.MANIFEST
D:\GITH_MY\OVERVIEW\WINAPI\WINDOWWITHCHILDS\NEW1\DEBUG\NEW1.EXE.EMBED.MANIFEST.RES
D:\GITH_MY\OVERVIEW\WINAPI\WINDOWWITHCHILDS\NEW1\DEBUG\NEW1.EXE.INTERMEDIATE.MANIFEST
D:\GitH_My\Overview\WinApi\WindowWithChilds\new1\Debug\new1_manifest.rc
D:\GitH_My\Overview\WinApi\WindowWithChilds\new1\Debug\rc.command.1.tlog
D:\GitH_My\Overview\WinApi\WindowWithChilds\new1\Debug\rc.read.1.tlog
D:\GitH_My\Overview\WinApi\WindowWithChilds\new1\Debug\rc.write.1.tlog
D:\GitH_My\Overview\WinApi\WindowWithChilds\new1\Debug\vc100.idb
D:\GITH_MY\OVERVIEW\WINAPI\WINDOWWITHCHILDS\NEW1\DEBUG\VC100.PDB
