Build started 11/8/2012 2:22:45 PM.
     1>Project "D:\GitH_My\Overview\WinApi\getDouble_proj\getDouble\getDouble.vcxproj" on node 2 (build target(s)).
     1>InitializeBuildStatus:
         Creating ".\Debug\getDouble.unsuccessfulbuild" because "AlwaysCreate" was specified.
       ClCompile:
         All outputs are up-to-date.
         All outputs are up-to-date.
       ResourceCompile:
         All outputs are up-to-date.
       ManifestResourceCompile:
         All outputs are up-to-date.
       Link:
         All outputs are up-to-date.
       Manifest:
         All outputs are up-to-date.
       FinalizeBuildStatus:
         Deleting file ".\Debug\getDouble.unsuccessfulbuild".
         Touching ".\Debug\getDouble.lastbuildstate".
     1>Done Building Project "D:\GitH_My\Overview\WinApi\getDouble_proj\getDouble\getDouble.vcxproj" (build target(s)).

Build succeeded.

Time Elapsed 00:00:00.03
